<?xml version="1.0" encoding="UTF-8"?>
<!-- Generated by org.testng.reporters.JUnitReportReporter -->
<testsuite hostname="DESKTOP-T6KLQOF" failures="0" tests="1" name="driverFactory.AppTest" time="74.823" errors="0" timestamp="2024-03-01T18:25:59 IST" skipped="0">
  <testcase classname="driverFactory.AppTest" name="startTest" time="74.823">
    <system-out>
      <![CDATA[No of rows are::11
Username and password valid::dashboard    http://webapp.qedgetech.com/dashboard.php
Incorrect user ID or password    dashboard      http://webapp.qedgetech.com/login.php
Incorrect user ID or password    dashboard      http://webapp.qedgetech.com/login.php
Username and password valid::dashboard    http://webapp.qedgetech.com/dashboard.php
Username and password valid::dashboard    http://webapp.qedgetech.com/dashboard.php
Incorrect user ID or password    dashboard      http://webapp.qedgetech.com/login.php
Username and password valid::dashboard    http://webapp.qedgetech.com/dashboard.php
Username and password valid::dashboard    http://webapp.qedgetech.com/dashboard.php
Incorrect user ID or password    dashboard      http://webapp.qedgetech.com/login.php
Incorrect user ID or password    dashboard      http://webapp.qedgetech.com/login.php
Username and password valid::dashboard    http://webapp.qedgetech.com/dashboard.php]]>
    </system-out>
  </testcase> <!-- startTest -->
  <system-out>
    <![CDATA[No of rows are::11
Username and password valid::dashboard    http://webapp.qedgetech.com/dashboard.php
Incorrect user ID or password    dashboard      http://webapp.qedgetech.com/login.php
Incorrect user ID or password    dashboard      http://webapp.qedgetech.com/login.php
Username and password valid::dashboard    http://webapp.qedgetech.com/dashboard.php
Username and password valid::dashboard    http://webapp.qedgetech.com/dashboard.php
Incorrect user ID or password    dashboard      http://webapp.qedgetech.com/login.php
Username and password valid::dashboard    http://webapp.qedgetech.com/dashboard.php
Username and password valid::dashboard    http://webapp.qedgetech.com/dashboard.php
Incorrect user ID or password    dashboard      http://webapp.qedgetech.com/login.php
Incorrect user ID or password    dashboard      http://webapp.qedgetech.com/login.php
Username and password valid::dashboard    http://webapp.qedgetech.com/dashboard.php]]>
  </system-out>
</testsuite> <!-- driverFactory.AppTest -->
